<?xml version="1.0" encoding="UTF-8"?>
<!-- Generated by org.testng.reporters.JUnitReportReporter -->
<testsuite skipped="0" hostname="DESKTOP-6T9AHA3" name="techserve4uDemo.SmokeTest" tests="1" failures="0" timestamp="2021-06-09T06:46:52 EDT" time="8.802" errors="0">
  <testcase name="testPageTitle" time="8.802" classname="techserve4uDemo.SmokeTest"/>
  <system-out/>
</testsuite> <!-- techserve4uDemo.SmokeTest -->
